# JRE version: OpenJDK Runtime Environment (8.0_212-b04) (build 1.8.0_212-release-1586-b04)
# Java VM: OpenJDK 64-Bit Server VM (25.212-b04 mixed mode windows-amd64 compressed oops)
Heap:
 PSYoungGen      total 123392K, used 48312K [0x00000000e0000000, 0x00000000ea800000, 0x0000000100000000)
  eden space 109568K, 44% used [0x00000000e0000000,0x00000000e2f2e228,0x00000000e6b00000)
  from space 13824K, 0% used [0x00000000e6b00000,0x00000000e6b00000,0x00000000e7880000)
  to   space 14336K, 0% used [0x00000000e9a00000,0x00000000e9a00000,0x00000000ea800000)
 ParOldGen       total 135680K, used 30227K [0x00000000a0000000, 0x00000000a8480000, 0x00000000e0000000)
  object space 135680K, 22% used [0x00000000a0000000,0x00000000a1d84f78,0x00000000a8480000)
 Metaspace       used 58631K, capacity 60872K, committed 61184K, reserved 1101824K
  class space    used 8079K, capacity 8591K, committed 8704K, reserved 1048576K
GC Heap History (10 events):
Event: 15.877 GC heap before
{Heap before GC invocations=14 (full 2):
 PSYoungGen      total 77312K, used 67072K [0x00000000e0000000, 0x00000000e6f00000, 0x0000000100000000)
  eden space 67072K, 100% used [0x00000000e0000000,0x00000000e4180000,0x00000000e4180000)
  from space 10240K, 0% used [0x00000000e4180000,0x00000000e4180000,0x00000000e4b80000)
  to   space 10752K, 0% used [0x00000000e6480000,0x00000000e6480000,0x00000000e6f00000)
 ParOldGen       total 91136K, used 14940K [0x00000000a0000000, 0x00000000a5900000, 0x00000000e0000000)
  object space 91136K, 16% used [0x00000000a0000000,0x00000000a0e97128,0x00000000a5900000)
 Metaspace       used 42902K, capacity 44066K, committed 44288K, reserved 1087488K
  class space    used 5786K, capacity 6089K, committed 6144K, reserved 1048576K
Event: 15.894 GC heap after
Heap after GC invocations=14 (full 2):
 PSYoungGen      total 94720K, used 8697K [0x00000000e0000000, 0x00000000e6d00000, 0x0000000100000000)
  eden space 86016K, 0% used [0x00000000e0000000,0x00000000e0000000,0x00000000e5400000)
  from space 8704K, 99% used [0x00000000e6480000,0x00000000e6cfe568,0x00000000e6d00000)
  to   space 11264K, 0% used [0x00000000e5700000,0x00000000e5700000,0x00000000e6200000)
 ParOldGen       total 91136K, used 14948K [0x00000000a0000000, 0x00000000a5900000, 0x00000000e0000000)
  object space 91136K, 16% used [0x00000000a0000000,0x00000000a0e99128,0x00000000a5900000)
 Metaspace       used 42902K, capacity 44066K, committed 44288K, reserved 1087488K
  class space    used 5786K, capacity 6089K, committed 6144K, reserved 1048576K
}
Event: 19.254 GC heap before
{Heap before GC invocations=15 (full 2):
 PSYoungGen      total 94720K, used 94713K [0x00000000e0000000, 0x00000000e6d00000, 0x0000000100000000)
  eden space 86016K, 100% used [0x00000000e0000000,0x00000000e5400000,0x00000000e5400000)
  from space 8704K, 99% used [0x00000000e6480000,0x00000000e6cfe568,0x00000000e6d00000)
  to   space 11264K, 0% used [0x00000000e5700000,0x00000000e5700000,0x00000000e6200000)
 ParOldGen       total 91136K, used 14948K [0x00000000a0000000, 0x00000000a5900000, 0x00000000e0000000)
  object space 91136K, 16% used [0x00000000a0000000,0x00000000a0e99128,0x00000000a5900000)
 Metaspace       used 49423K, capacity 50936K, committed 51072K, reserved 1093632K
  class space    used 6609K, capacity 6989K, committed 7040K, reserved 1048576K
Event: 19.285 GC heap after
Heap after GC invocations=15 (full 2):
 PSYoungGen      total 100352K, used 11235K [0x00000000e0000000, 0x00000000e8600000, 0x0000000100000000)
  eden space 89088K, 0% used [0x00000000e0000000,0x00000000e0000000,0x00000000e5700000)
  from space 11264K, 99% used [0x00000000e5700000,0x00000000e61f8d98,0x00000000e6200000)
  to   space 13824K, 0% used [0x00000000e7880000,0x00000000e7880000,0x00000000e8600000)
 ParOldGen       total 91136K, used 17614K [0x00000000a0000000, 0x00000000a5900000, 0x00000000e0000000)
  object space 91136K, 19% used [0x00000000a0000000,0x00000000a11338f0,0x00000000a5900000)
 Metaspace       used 49423K, capacity 50936K, committed 51072K, reserved 1093632K
  class space    used 6609K, capacity 6989K, committed 7040K, reserved 1048576K
}
Event: 24.029 GC heap before
{Heap before GC invocations=16 (full 2):
 PSYoungGen      total 100352K, used 100323K [0x00000000e0000000, 0x00000000e8600000, 0x0000000100000000)
  eden space 89088K, 100% used [0x00000000e0000000,0x00000000e5700000,0x00000000e5700000)
  from space 11264K, 99% used [0x00000000e5700000,0x00000000e61f8d98,0x00000000e6200000)
  to   space 13824K, 0% used [0x00000000e7880000,0x00000000e7880000,0x00000000e8600000)
 ParOldGen       total 91136K, used 17614K [0x00000000a0000000, 0x00000000a5900000, 0x00000000e0000000)
  object space 91136K, 19% used [0x00000000a0000000,0x00000000a11338f0,0x00000000a5900000)
 Metaspace       used 56186K, capacity 58104K, committed 58368K, reserved 1099776K
  class space    used 7715K, capacity 8129K, committed 8192K, reserved 1048576K
Event: 24.165 GC heap after
Heap after GC invocations=16 (full 2):
 PSYoungGen      total 123392K, used 9858K [0x00000000e0000000, 0x00000000e8d80000, 0x0000000100000000)
  eden space 109568K, 0% used [0x00000000e0000000,0x00000000e0000000,0x00000000e6b00000)
  from space 13824K, 71% used [0x00000000e7880000,0x00000000e8220ad0,0x00000000e8600000)
  to   space 13824K, 0% used [0x00000000e6b00000,0x00000000e6b00000,0x00000000e7880000)
 ParOldGen       total 91136K, used 27083K [0x00000000a0000000, 0x00000000a5900000, 0x00000000e0000000)
  object space 91136K, 29% used [0x00000000a0000000,0x00000000a1a72d08,0x00000000a5900000)
 Metaspace       used 56186K, capacity 58104K, committed 58368K, reserved 1099776K
  class space    used 7715K, capacity 8129K, committed 8192K, reserved 1048576K
}
Event: 26.023 GC heap before
{Heap before GC invocations=17 (full 2):
 PSYoungGen      total 123392K, used 28876K [0x00000000e0000000, 0x00000000e8d80000, 0x0000000100000000)
  eden space 109568K, 17% used [0x00000000e0000000,0x00000000e12928b0,0x00000000e6b00000)
  from space 13824K, 71% used [0x00000000e7880000,0x00000000e8220ad0,0x00000000e8600000)
  to   space 13824K, 0% used [0x00000000e6b00000,0x00000000e6b00000,0x00000000e7880000)
 ParOldGen       total 91136K, used 27083K [0x00000000a0000000, 0x00000000a5900000, 0x00000000e0000000)
  object space 91136K, 29% used [0x00000000a0000000,0x00000000a1a72d08,0x00000000a5900000)
 Metaspace       used 57130K, capacity 59070K, committed 59096K, reserved 1099776K
  class space    used 7878K, capacity 8312K, committed 8320K, reserved 1048576K
Event: 26.048 GC heap after
Heap after GC invocations=17 (full 2):
 PSYoungGen      total 123392K, used 2522K [0x00000000e0000000, 0x00000000ea800000, 0x0000000100000000)
  eden space 109568K, 0% used [0x00000000e0000000,0x00000000e0000000,0x00000000e6b00000)
  from space 13824K, 18% used [0x00000000e6b00000,0x00000000e6d769d8,0x00000000e7880000)
  to   space 14336K, 0% used [0x00000000e9a00000,0x00000000e9a00000,0x00000000ea800000)
 ParOldGen       total 91136K, used 31576K [0x00000000a0000000, 0x00000000a5900000, 0x00000000e0000000)
  object space 91136K, 34% used [0x00000000a0000000,0x00000000a1ed61a8,0x00000000a5900000)
 Metaspace       used 57130K, capacity 59070K, committed 59096K, reserved 1099776K
  class space    used 7878K, capacity 8312K, committed 8320K, reserved 1048576K
}
Event: 26.048 GC heap before
{Heap before GC invocations=18 (full 3):
 PSYoungGen      total 123392K, used 2522K [0x00000000e0000000, 0x00000000ea800000, 0x0000000100000000)
  eden space 109568K, 0% used [0x00000000e0000000,0x00000000e0000000,0x00000000e6b00000)
  from space 13824K, 18% used [0x00000000e6b00000,0x00000000e6d769d8,0x00000000e7880000)
  to   space 14336K, 0% used [0x00000000e9a00000,0x00000000e9a00000,0x00000000ea800000)
 ParOldGen       total 91136K, used 31576K [0x00000000a0000000, 0x00000000a5900000, 0x00000000e0000000)
  object space 91136K, 34% used [0x00000000a0000000,0x00000000a1ed61a8,0x00000000a5900000)
 Metaspace       used 57130K, capacity 59070K, committed 59096K, reserved 1099776K
  class space    used 7878K, capacity 8312K, committed 8320K, reserved 1048576K
Event: 26.511 GC heap after
Heap after GC invocations=18 (full 3):
 PSYoungGen      total 123392K, used 0K [0x00000000e0000000, 0x00000000ea800000, 0x0000000100000000)
  eden space 109568K, 0% used [0x00000000e0000000,0x00000000e0000000,0x00000000e6b00000)
  from space 13824K, 0% used [0x00000000e6b00000,0x00000000e6b00000,0x00000000e7880000)
  to   space 14336K, 0% used [0x00000000e9a00000,0x00000000e9a00000,0x00000000ea800000)
 ParOldGen       total 135680K, used 30227K [0x00000000a0000000, 0x00000000a8480000, 0x00000000e0000000)
  object space 135680K, 22% used [0x00000000a0000000,0x00000000a1d84f78,0x00000000a8480000)
 Metaspace       used 57117K, capacity 59036K, committed 59096K, reserved 1099776K
  class space    used 7874K, capacity 8305K, committed 8320K, reserved 1048576K
}

